::1 - - [14/Jan/2021:13:59:29 +0700] "GET /dashboard HTTP/1.1" 301 341 "-" "Mozilla/5.0 (Windows NT 10.0; WOW64) AppleWebKit/537.36 (KHTML, like Gecko) coc_coc_browser/91.0.146 Chrome/85.0.4183.146 Safari/537.36"
::1 - - [14/Jan/2021:13:59:29 +0700] "GET /dashboard/ HTTP/1.1" 200 7576 "-" "Mozilla/5.0 (Windows NT 10.0; WOW64) AppleWebKit/537.36 (KHTML, like Gecko) coc_coc_browser/91.0.146 Chrome/85.0.4183.146 Safari/537.36"
::1 - - [14/Jan/2021:13:59:29 +0700] "GET /dashboard/stylesheets/normalize.css HTTP/1.1" 200 6876 "http://localhost:8888/dashboard/" "Mozilla/5.0 (Windows NT 10.0; WOW64) AppleWebKit/537.36 (KHTML, like Gecko) coc_coc_browser/91.0.146 Chrome/85.0.4183.146 Safari/537.36"
::1 - - [14/Jan/2021:13:59:29 +0700] "GET /dashboard/stylesheets/all.css HTTP/1.1" 200 481698 "http://localhost:8888/dashboard/" "Mozilla/5.0 (Windows NT 10.0; WOW64) AppleWebKit/537.36 (KHTML, like Gecko) coc_coc_browser/91.0.146 Chrome/85.0.4183.146 Safari/537.36"
::1 - - [14/Jan/2021:13:59:29 +0700] "GET /dashboard/javascripts/modernizr.js HTTP/1.1" 200 51365 "http://localhost:8888/dashboard/" "Mozilla/5.0 (Windows NT 10.0; WOW64) AppleWebKit/537.36 (KHTML, like Gecko) coc_coc_browser/91.0.146 Chrome/85.0.4183.146 Safari/537.36"
::1 - - [14/Jan/2021:13:59:29 +0700] "GET /dashboard/javascripts/all.js HTTP/1.1" 200 188385 "http://localhost:8888/dashboard/" "Mozilla/5.0 (Windows NT 10.0; WOW64) AppleWebKit/537.36 (KHTML, like Gecko) coc_coc_browser/91.0.146 Chrome/85.0.4183.146 Safari/537.36"
::1 - - [14/Jan/2021:13:59:29 +0700] "GET /dashboard/images/xampp-logo.svg HTTP/1.1" 200 5427 "http://localhost:8888/dashboard/" "Mozilla/5.0 (Windows NT 10.0; WOW64) AppleWebKit/537.36 (KHTML, like Gecko) coc_coc_browser/91.0.146 Chrome/85.0.4183.146 Safari/537.36"
::1 - - [14/Jan/2021:13:59:29 +0700] "GET /dashboard/images/bitnami-xampp.png HTTP/1.1" 200 22133 "http://localhost:8888/dashboard/" "Mozilla/5.0 (Windows NT 10.0; WOW64) AppleWebKit/537.36 (KHTML, like Gecko) coc_coc_browser/91.0.146 Chrome/85.0.4183.146 Safari/537.36"
::1 - - [14/Jan/2021:13:59:29 +0700] "GET /dashboard/images/social-icons.png HTTP/1.1" 200 3361 "http://localhost:8888/dashboard/stylesheets/all.css" "Mozilla/5.0 (Windows NT 10.0; WOW64) AppleWebKit/537.36 (KHTML, like Gecko) coc_coc_browser/91.0.146 Chrome/85.0.4183.146 Safari/537.36"
::1 - - [14/Jan/2021:13:59:29 +0700] "GET /dashboard/images/fastly-logo.png HTTP/1.1" 200 1770 "http://localhost:8888/dashboard/" "Mozilla/5.0 (Windows NT 10.0; WOW64) AppleWebKit/537.36 (KHTML, like Gecko) coc_coc_browser/91.0.146 Chrome/85.0.4183.146 Safari/537.36"
::1 - - [14/Jan/2021:13:59:30 +0700] "GET /dashboard/images/favicon.png HTTP/1.1" 200 2508 "http://localhost:8888/dashboard/" "Mozilla/5.0 (Windows NT 10.0; WOW64) AppleWebKit/537.36 (KHTML, like Gecko) coc_coc_browser/91.0.146 Chrome/85.0.4183.146 Safari/537.36"
::1 - - [14/Jan/2021:14:00:24 +0700] "GET /server_time HTTP/1.1" 301 343 "-" "Mozilla/5.0 (Windows NT 10.0; WOW64) AppleWebKit/537.36 (KHTML, like Gecko) coc_coc_browser/91.0.146 Chrome/85.0.4183.146 Safari/537.36"
::1 - - [14/Jan/2021:14:00:24 +0700] "GET /server_time/ HTTP/1.1" 200 781 "-" "Mozilla/5.0 (Windows NT 10.0; WOW64) AppleWebKit/537.36 (KHTML, like Gecko) coc_coc_browser/91.0.146 Chrome/85.0.4183.146 Safari/537.36"
::1 - - [14/Jan/2021:14:00:24 +0700] "GET /icons/blank.gif HTTP/1.1" 200 148 "http://localhost:8888/server_time/" "Mozilla/5.0 (Windows NT 10.0; WOW64) AppleWebKit/537.36 (KHTML, like Gecko) coc_coc_browser/91.0.146 Chrome/85.0.4183.146 Safari/537.36"
::1 - - [14/Jan/2021:14:00:24 +0700] "GET /icons/back.gif HTTP/1.1" 200 216 "http://localhost:8888/server_time/" "Mozilla/5.0 (Windows NT 10.0; WOW64) AppleWebKit/537.36 (KHTML, like Gecko) coc_coc_browser/91.0.146 Chrome/85.0.4183.146 Safari/537.36"
::1 - - [14/Jan/2021:14:00:24 +0700] "GET /favicon.ico HTTP/1.1" 200 30894 "http://localhost:8888/server_time/" "Mozilla/5.0 (Windows NT 10.0; WOW64) AppleWebKit/537.36 (KHTML, like Gecko) coc_coc_browser/91.0.146 Chrome/85.0.4183.146 Safari/537.36"
::1 - - [14/Jan/2021:14:00:37 +0700] "GET /server_time/ HTTP/1.1" 200 8 "-" "Mozilla/5.0 (Windows NT 10.0; WOW64) AppleWebKit/537.36 (KHTML, like Gecko) coc_coc_browser/91.0.146 Chrome/85.0.4183.146 Safari/537.36"
::1 - - [14/Jan/2021:14:00:37 +0700] "GET /favicon.ico HTTP/1.1" 200 30894 "http://localhost:8888/server_time/" "Mozilla/5.0 (Windows NT 10.0; WOW64) AppleWebKit/537.36 (KHTML, like Gecko) coc_coc_browser/91.0.146 Chrome/85.0.4183.146 Safari/537.36"
::1 - - [14/Jan/2021:15:54:39 +0700] "GET /index.php HTTP/1.1" 302 - "-" "Mozilla/5.0 (Windows NT 10.0; WOW64) AppleWebKit/537.36 (KHTML, like Gecko) coc_coc_browser/91.0.146 Chrome/85.0.4183.146 Safari/537.36"
::1 - - [14/Jan/2021:15:54:47 +0700] "GET /dashboard/index.php HTTP/1.1" 404 297 "-" "Mozilla/5.0 (Windows NT 10.0; WOW64) AppleWebKit/537.36 (KHTML, like Gecko) coc_coc_browser/91.0.146 Chrome/85.0.4183.146 Safari/537.36"
::1 - - [14/Jan/2021:15:55:08 +0700] "GET /server_time/index.php HTTP/1.1" 200 9 "-" "Mozilla/5.0 (Windows NT 10.0; WOW64) AppleWebKit/537.36 (KHTML, like Gecko) coc_coc_browser/91.0.146 Chrome/85.0.4183.146 Safari/537.36"
::1 - - [14/Jan/2021:15:59:31 +0700] "GET /server_time/index.php HTTP/1.1" 200 266 "-" "Mozilla/5.0 (Windows NT 10.0; WOW64) AppleWebKit/537.36 (KHTML, like Gecko) coc_coc_browser/91.0.146 Chrome/85.0.4183.146 Safari/537.36"
::1 - - [14/Jan/2021:16:01:04 +0700] "GET /server_time/index.php HTTP/1.1" 200 614 "-" "Mozilla/5.0 (Windows NT 10.0; WOW64) AppleWebKit/537.36 (KHTML, like Gecko) coc_coc_browser/91.0.146 Chrome/85.0.4183.146 Safari/537.36"
::1 - - [14/Jan/2021:16:01:04 +0700] "GET /favicon.ico HTTP/1.1" 200 30894 "http://localhost:8888/server_time/index.php" "Mozilla/5.0 (Windows NT 10.0; WOW64) AppleWebKit/537.36 (KHTML, like Gecko) coc_coc_browser/91.0.146 Chrome/85.0.4183.146 Safari/537.36"
::1 - - [14/Jan/2021:16:01:34 +0700] "GET /server_time/index.php HTTP/1.1" 200 266 "-" "Mozilla/5.0 (Windows NT 10.0; WOW64) AppleWebKit/537.36 (KHTML, like Gecko) coc_coc_browser/91.0.146 Chrome/85.0.4183.146 Safari/537.36"
::1 - - [14/Jan/2021:16:01:34 +0700] "GET /favicon.ico HTTP/1.1" 200 30894 "http://localhost:8888/server_time/index.php" "Mozilla/5.0 (Windows NT 10.0; WOW64) AppleWebKit/537.36 (KHTML, like Gecko) coc_coc_browser/91.0.146 Chrome/85.0.4183.146 Safari/537.36"
::1 - - [14/Jan/2021:16:02:09 +0700] "GET /server_time/index.php HTTP/1.1" 200 266 "-" "Mozilla/5.0 (Windows NT 10.0; WOW64) AppleWebKit/537.36 (KHTML, like Gecko) coc_coc_browser/91.0.146 Chrome/85.0.4183.146 Safari/537.36"
::1 - - [14/Jan/2021:16:02:09 +0700] "GET /favicon.ico HTTP/1.1" 200 30894 "http://localhost:8888/server_time/index.php" "Mozilla/5.0 (Windows NT 10.0; WOW64) AppleWebKit/537.36 (KHTML, like Gecko) coc_coc_browser/91.0.146 Chrome/85.0.4183.146 Safari/537.36"
::1 - - [14/Jan/2021:16:10:55 +0700] "GET /server_time/index.php HTTP/1.1" 200 266 "-" "Mozilla/5.0 (Windows NT 10.0; WOW64) AppleWebKit/537.36 (KHTML, like Gecko) coc_coc_browser/91.0.146 Chrome/85.0.4183.146 Safari/537.36"
::1 - - [14/Jan/2021:16:10:55 +0700] "GET /favicon.ico HTTP/1.1" 200 30894 "http://localhost:8888/server_time/index.php" "Mozilla/5.0 (Windows NT 10.0; WOW64) AppleWebKit/537.36 (KHTML, like Gecko) coc_coc_browser/91.0.146 Chrome/85.0.4183.146 Safari/537.36"
